[INFO] 2016-03-21 10:06:55 [main] [./../loginserver/main.lua:13] ---------- server start -----------
[INFO] 2016-03-21 10:15:16 [watchdog] [./../loginserver/watchdog.lua:59] new client from: 192.168.1.147:3537
[INFO] 2016-03-21 10:15:19 [watchdog] [./../loginserver/watchdog.lua:93] socket data  fd:4,msgno:10001
[INFO] 2016-03-21 10:15:19 [watchdog] [./../loginserver/watchdog.lua:27] loginAuth  account:fgd password:123
[INFO] 2016-03-21 10:15:19 [watchdog] [./../loginserver/watchdog.lua:117] auth success
[INFO] 2016-03-21 10:15:19 [agent] [./../loginserver/agent.lua:74] create agent
[INFO] 2016-03-21 10:15:19 [agent] [./../loginserver/agent.lua:53] agent start  fd:4
[INFO] 2016-03-21 10:16:59 [watchdog] [./../loginserver/watchdog.lua:59] new client from: 192.168.1.147:3615
[INFO] 2016-03-21 10:17:04 [watchdog] [./../loginserver/watchdog.lua:93] socket data  fd:5,msgno:10001
[INFO] 2016-03-21 10:17:04 [watchdog] [./../loginserver/watchdog.lua:27] loginAuth  account:fgd password:1234
[INFO] 2016-03-21 10:17:04 [watchdog] [./../loginserver/watchdog.lua:117] auth success
[INFO] 2016-03-21 10:17:04 [agent] [./../loginserver/agent.lua:64] client disconnect  fd:4
[INFO] 2016-03-21 10:17:04 [agent] [./../loginserver/agent.lua:74] create agent
[INFO] 2016-03-21 10:17:04 [agent] [./../loginserver/agent.lua:53] agent start  fd:5
[INFO] 2016-03-21 10:17:04 [watchdog] [./../loginserver/watchdog.lua:79] socket close: 4
[INFO] 2016-03-21 10:17:50 [watchdog] [./../loginserver/watchdog.lua:59] new client from: 192.168.1.147:3670
[INFO] 2016-03-21 10:17:59 [watchdog] [./../loginserver/watchdog.lua:93] socket data  fd:6,msgno:10001
[INFO] 2016-03-21 10:17:59 [watchdog] [./../loginserver/watchdog.lua:27] loginAuth  account:abc password:123
[INFO] 2016-03-21 10:17:59 [watchdog] [./../loginserver/watchdog.lua:122] auth failed
[INFO] 2016-03-21 10:18:04 [watchdog] [./../loginserver/watchdog.lua:93] socket data  fd:6,msgno:10001
[INFO] 2016-03-21 10:18:04 [watchdog] [./../loginserver/watchdog.lua:27] loginAuth  account:abc password:123
[INFO] 2016-03-21 10:18:04 [watchdog] [./../loginserver/watchdog.lua:122] auth failed
[INFO] 2016-03-21 10:18:06 [watchdog] [./../loginserver/watchdog.lua:93] socket data  fd:6,msgno:10003
[INFO] 2016-03-21 10:18:08 [watchdog] [./../loginserver/watchdog.lua:93] socket data  fd:6,msgno:10001
[INFO] 2016-03-21 10:18:08 [watchdog] [./../loginserver/watchdog.lua:27] loginAuth  account:abc password:123
[INFO] 2016-03-21 10:18:08 [watchdog] [./../loginserver/watchdog.lua:122] auth failed
[INFO] 2016-03-21 10:18:24 [watchdog] [./../loginserver/watchdog.lua:93] socket data  fd:6,msgno:10001
[INFO] 2016-03-21 10:18:24 [watchdog] [./../loginserver/watchdog.lua:27] loginAuth  account:abc password:123
[INFO] 2016-03-21 10:18:24 [watchdog] [./../loginserver/watchdog.lua:122] auth failed
[ERROR] 2016-03-21 10:18:34 [watchdog] [./../loginserver/watchdog.lua:85] socket error 6 Connection reset by peer
[INFO] 2016-03-21 10:18:36 [watchdog] [./../loginserver/watchdog.lua:59] new client from: 192.168.1.147:3720
[INFO] 2016-03-21 10:18:41 [watchdog] [./../loginserver/watchdog.lua:93] socket data  fd:7,msgno:10001
[INFO] 2016-03-21 10:18:41 [watchdog] [./../loginserver/watchdog.lua:27] loginAuth  account:abc password:123
[INFO] 2016-03-21 10:18:41 [watchdog] [./../loginserver/watchdog.lua:122] auth failed
[INFO] 2016-03-21 10:18:46 [watchdog] [./../loginserver/watchdog.lua:93] socket data  fd:7,msgno:10003
[ERROR] 2016-03-21 10:18:59 [watchdog] [./../loginserver/watchdog.lua:85] socket error 7 Connection reset by peer
[INFO] 2016-03-21 10:19:06 [watchdog] [./../loginserver/watchdog.lua:59] new client from: 192.168.1.147:3763
[INFO] 2016-03-21 10:19:10 [watchdog] [./../loginserver/watchdog.lua:93] socket data  fd:8,msgno:10003
[INFO] 2016-03-21 10:19:20 [watchdog] [./../loginserver/watchdog.lua:93] socket data  fd:8,msgno:10003
[INFO] 2016-03-21 10:19:24 [watchdog] [./../loginserver/watchdog.lua:93] socket data  fd:8,msgno:10003
[INFO] 2016-03-21 10:19:25 [watchdog] [./../loginserver/watchdog.lua:93] socket data  fd:8,msgno:10003
[INFO] 2016-03-21 10:19:26 [watchdog] [./../loginserver/watchdog.lua:93] socket data  fd:8,msgno:10001
[INFO] 2016-03-21 10:19:26 [watchdog] [./../loginserver/watchdog.lua:27] loginAuth  account:abc password:123
[INFO] 2016-03-21 10:19:26 [watchdog] [./../loginserver/watchdog.lua:122] auth failed
[INFO] 2016-03-21 10:19:29 [watchdog] [./../loginserver/watchdog.lua:93] socket data  fd:8,msgno:10003
[ERROR] 2016-03-21 10:22:44 [watchdog] [./../loginserver/watchdog.lua:85] socket error 8 Connection reset by peer
[INFO] 2016-03-21 10:40:01 [main] [./../loginserver/main.lua:13] ---------- server start -----------
[INFO] 2016-03-21 10:40:10 [watchdog] [./../loginserver/watchdog.lua:83] new client from: 192.168.1.147:5012
[INFO] 2016-03-21 10:40:17 [watchdog] [./../loginserver/watchdog.lua:117] socket data  fd:4,msgno:10003
[INFO] 2016-03-21 10:40:35 [watchdog] [./../loginserver/watchdog.lua:117] socket data  fd:4,msgno:10003
[INFO] 2016-03-21 10:40:37 [watchdog] [./../loginserver/watchdog.lua:117] socket data  fd:4,msgno:10001
[INFO] 2016-03-21 10:40:37 [watchdog] [./../loginserver/watchdog.lua:51] loginAuth  account:abc password:123
[INFO] 2016-03-21 10:40:37 [watchdog] [./../loginserver/watchdog.lua:159] auth failed
[INFO] 2016-03-21 10:40:49 [main] [./../loginserver/main.lua:13] ---------- server start -----------
[INFO] 2016-03-21 10:40:54 [watchdog] [./../loginserver/watchdog.lua:83] new client from: 192.168.1.147:5065
[INFO] 2016-03-21 10:41:00 [watchdog] [./../loginserver/watchdog.lua:117] socket data  fd:4,msgno:10003
[INFO] 2016-03-21 10:42:07 [main] [./../loginserver/main.lua:13] ---------- server start -----------
[INFO] 2016-03-21 10:42:11 [watchdog] [./../loginserver/watchdog.lua:83] new client from: 192.168.1.147:5150
[INFO] 2016-03-21 10:42:17 [watchdog] [./../loginserver/watchdog.lua:117] socket data  fd:4,msgno:10003
[INFO] 2016-03-21 10:42:17 [watchdog] [./../loginserver/watchdog.lua:25] Register account: abcde password: fgd
[INFO] 2016-03-21 10:42:53 [main] [./../loginserver/main.lua:13] ---------- server start -----------
[INFO] 2016-03-21 10:43:27 [watchdog] [./../loginserver/watchdog.lua:83] new client from: 192.168.1.147:5225
[INFO] 2016-03-21 10:43:39 [watchdog] [./../loginserver/watchdog.lua:117] socket data  fd:4,msgno:10003
[INFO] 2016-03-21 10:43:39 [watchdog] [./../loginserver/watchdog.lua:25] Register account: aabb password: 123
[INFO] 2016-03-21 10:43:47 [watchdog] [./../loginserver/watchdog.lua:117] socket data  fd:4,msgno:10001
[INFO] 2016-03-21 10:43:47 [watchdog] [./../loginserver/watchdog.lua:51] loginAuth  account:aabb password:123
[INFO] 2016-03-21 10:43:47 [watchdog] [./../loginserver/watchdog.lua:154] auth success
[INFO] 2016-03-21 10:43:47 [agent] [./../loginserver/agent.lua:74] create agent
[INFO] 2016-03-21 10:43:47 [agent] [./../loginserver/agent.lua:53] agent start  fd:4
[INFO] 2016-03-21 10:45:28 [main] [./../loginserver/main.lua:13] ---------- server start -----------
[INFO] 2016-03-21 11:18:16 [main] [./../loginserver/main.lua:13] ---------- server start -----------
[INFO] 2016-03-21 11:18:23 [watchdog] [./../loginserver/watchdog.lua:67] new client from: 192.168.1.147:7055
[INFO] 2016-03-21 11:18:28 [watchdog] [./../loginserver/watchdog.lua:101] socket data  fd:4,msgno:10003
[INFO] 2016-03-21 11:19:27 [main] [./../loginserver/main.lua:13] ---------- server start -----------
[INFO] 2016-03-21 11:19:30 [watchdog] [./../loginserver/watchdog.lua:67] new client from: 192.168.1.147:7113
[INFO] 2016-03-21 11:19:33 [watchdog] [./../loginserver/watchdog.lua:101] socket data  fd:4,msgno:10003
[INFO] 2016-03-21 11:19:33 [dbservice] [./../loginserver/dbservice.lua:17] Register account: fgd password: 123
[INFO] 2016-03-21 11:20:00 [watchdog] [./../loginserver/watchdog.lua:101] socket data  fd:4,msgno:10003
[INFO] 2016-03-21 11:20:00 [dbservice] [./../loginserver/dbservice.lua:17] Register account: fgd password: 123
[INFO] 2016-03-21 11:20:08 [watchdog] [./../loginserver/watchdog.lua:101] socket data  fd:4,msgno:10003
[INFO] 2016-03-21 11:20:08 [dbservice] [./../loginserver/dbservice.lua:17] Register account: fgd password: 123
[ERROR] 2016-03-21 11:38:26 [watchdog] [./../loginserver/watchdog.lua:93] socket error 4 Connection reset by peer
[INFO] 2016-03-21 11:38:31 [watchdog] [./../loginserver/watchdog.lua:67] new client from: 192.168.1.147:8157
[INFO] 2016-03-21 11:38:43 [watchdog] [./../loginserver/watchdog.lua:101] socket data  fd:5,msgno:10003
[INFO] 2016-03-21 11:38:43 [dbservice] [./../loginserver/dbservice.lua:17] Register account: asesef password: 123
[ERROR] 2016-03-21 11:39:00 [watchdog] [./../loginserver/watchdog.lua:93] socket error 5 Connection reset by peer
[INFO] 2016-03-21 11:40:54 [watchdog] [./../loginserver/watchdog.lua:67] new client from: 192.168.1.147:8238
[INFO] 2016-03-21 11:41:01 [watchdog] [./../loginserver/watchdog.lua:101] socket data  fd:6,msgno:10003
[INFO] 2016-03-21 11:41:01 [dbservice] [./../loginserver/dbservice.lua:17] Register account: fgdfgd password: 123
[INFO] 2016-03-21 11:41:17 [watchdog] [./../loginserver/watchdog.lua:101] socket data  fd:6,msgno:10003
[INFO] 2016-03-21 11:41:17 [dbservice] [./../loginserver/dbservice.lua:17] Register account: fgdfgdfgdfgd password: 123
[INFO] 2016-03-21 11:41:23 [watchdog] [./../loginserver/watchdog.lua:101] socket data  fd:6,msgno:10003
[INFO] 2016-03-21 11:41:23 [dbservice] [./../loginserver/dbservice.lua:17] Register account: fgdfgdfgdfgdffff password: 123
[INFO] 2016-03-21 11:41:27 [watchdog] [./../loginserver/watchdog.lua:101] socket data  fd:6,msgno:10001
[INFO] 2016-03-21 11:41:27 [watchdog] [./../loginserver/watchdog.lua:36] loginAuth  account:fgdfgdfgdfgdffff password:123
[INFO] 2016-03-21 11:41:27 [watchdog] [./../loginserver/watchdog.lua:154] auth failed
[INFO] 2016-03-21 11:41:33 [watchdog] [./../loginserver/watchdog.lua:101] socket data  fd:6,msgno:10003
[INFO] 2016-03-21 11:41:33 [dbservice] [./../loginserver/dbservice.lua:17] Register account: fgdfgdfgdfgdffff password: 123
[INFO] 2016-03-21 11:41:43 [watchdog] [./../loginserver/watchdog.lua:101] socket data  fd:6,msgno:10003
[INFO] 2016-03-21 11:41:43 [dbservice] [./../loginserver/dbservice.lua:17] Register account: yyyuu password: 123
[ERROR] 2016-03-21 11:42:05 [watchdog] [./../loginserver/watchdog.lua:93] socket error 6 Connection reset by peer
[INFO] 2016-03-21 11:42:11 [watchdog] [./../loginserver/watchdog.lua:67] new client from: 192.168.1.147:8286
[INFO] 2016-03-21 11:42:20 [watchdog] [./../loginserver/watchdog.lua:101] socket data  fd:7,msgno:10003
[INFO] 2016-03-21 11:42:20 [dbservice] [./../loginserver/dbservice.lua:17] Register account: assefsef password: asef
[INFO] 2016-03-21 11:42:31 [watchdog] [./../loginserver/watchdog.lua:101] socket data  fd:7,msgno:10003
[INFO] 2016-03-21 11:42:31 [dbservice] [./../loginserver/dbservice.lua:17] Register account: assefsef password: asef
[ERROR] 2016-03-21 11:42:39 [watchdog] [./../loginserver/watchdog.lua:93] socket error 7 Connection reset by peer
[INFO] 2016-03-21 11:42:41 [watchdog] [./../loginserver/watchdog.lua:67] new client from: 192.168.1.147:8313
[INFO] 2016-03-21 11:42:49 [watchdog] [./../loginserver/watchdog.lua:101] socket data  fd:8,msgno:10003
[INFO] 2016-03-21 11:42:49 [dbservice] [./../loginserver/dbservice.lua:17] Register account: sefsf password: sff
[INFO] 2016-03-21 11:51:43 [main] [./../loginserver/main.lua:13] ---------- server start -----------
[INFO] 2016-03-21 11:51:49 [watchdog] [./../loginserver/watchdog.lua:67] new client from: 192.168.1.147:8757
[INFO] 2016-03-21 11:51:53 [watchdog] [./../loginserver/watchdog.lua:101] socket data  fd:4,msgno:10003
[INFO] 2016-03-21 11:51:53 [dbservice] [./../loginserver/dbservice.lua:17] Register account: sfsefae password: sf
[ERROR] 2016-03-21 11:52:03 [watchdog] [./../loginserver/watchdog.lua:93] socket error 4 Connection reset by peer
[INFO] 2016-03-21 12:00:05 [main] [./../loginserver/main.lua:13] ---------- server start -----------
[INFO] 2016-03-21 12:00:14 [watchdog] [./../loginserver/watchdog.lua:67] new client from: 192.168.1.147:9410
[INFO] 2016-03-21 12:00:18 [watchdog] [./../loginserver/watchdog.lua:101] socket data  fd:4,msgno:10003
[INFO] 2016-03-21 12:00:18 [dbservice] [./../loginserver/dbservice.lua:61] Register account: fgdsfsefs password: sef
[INFO] 2016-03-21 12:00:35 [watchdog] [./../loginserver/watchdog.lua:101] socket data  fd:4,msgno:10003
[INFO] 2016-03-21 12:00:35 [dbservice] [./../loginserver/dbservice.lua:61] Register account: fgd password: sef
[INFO] 2016-03-21 12:00:49 [watchdog] [./../loginserver/watchdog.lua:101] socket data  fd:4,msgno:10003
[INFO] 2016-03-21 12:00:49 [dbservice] [./../loginserver/dbservice.lua:61] Register account: fgd password: 123
[INFO] 2016-03-21 12:00:59 [watchdog] [./../loginserver/watchdog.lua:101] socket data  fd:4,msgno:10003
[INFO] 2016-03-21 12:00:59 [dbservice] [./../loginserver/dbservice.lua:61] Register account: fgd password: 123
[INFO] 2016-03-21 12:01:37 [main] [./../loginserver/main.lua:13] ---------- server start -----------
[INFO] 2016-03-21 12:01:41 [watchdog] [./../loginserver/watchdog.lua:67] new client from: 192.168.1.147:9475
[INFO] 2016-03-21 12:01:44 [watchdog] [./../loginserver/watchdog.lua:101] socket data  fd:4,msgno:10003
[INFO] 2016-03-21 12:01:44 [dbservice] [./../loginserver/dbservice.lua:61] Register account: fgd password: 123
[INFO] 2016-03-21 12:02:54 [main] [./../loginserver/main.lua:13] ---------- server start -----------
[INFO] 2016-03-21 12:02:59 [watchdog] [./../loginserver/watchdog.lua:67] new client from: 192.168.1.147:9533
[INFO] 2016-03-21 12:03:01 [watchdog] [./../loginserver/watchdog.lua:101] socket data  fd:4,msgno:10003
[INFO] 2016-03-21 12:03:01 [dbservice] [./../loginserver/dbservice.lua:61] Register account: fgd password: 123
[INFO] 2016-03-21 12:03:49 [main] [./../loginserver/main.lua:13] ---------- server start -----------
[INFO] 2016-03-21 12:03:53 [watchdog] [./../loginserver/watchdog.lua:67] new client from: 192.168.1.147:9587
[INFO] 2016-03-21 12:03:55 [watchdog] [./../loginserver/watchdog.lua:101] socket data  fd:4,msgno:10003
[INFO] 2016-03-21 12:03:55 [dbservice] [./../loginserver/dbservice.lua:61] Register account: fgd password: 123
[INFO] 2016-03-21 12:04:12 [watchdog] [./../loginserver/watchdog.lua:101] socket data  fd:4,msgno:10003
[INFO] 2016-03-21 12:04:12 [dbservice] [./../loginserver/dbservice.lua:61] Register account: ssafsefs password: 123
[INFO] 2016-03-21 12:04:21 [watchdog] [./../loginserver/watchdog.lua:101] socket data  fd:4,msgno:10003
[INFO] 2016-03-21 12:04:21 [dbservice] [./../loginserver/dbservice.lua:61] Register account: ffsefasefaseggg password: 123
[INFO] 2016-03-21 12:05:13 [watchdog] [./../loginserver/watchdog.lua:101] socket data  fd:4,msgno:10003
[INFO] 2016-03-21 12:05:13 [dbservice] [./../loginserver/dbservice.lua:61] Register account: ffsefasefasegggff password: 123
[INFO] 2016-03-21 12:05:20 [watchdog] [./../loginserver/watchdog.lua:101] socket data  fd:4,msgno:10003
[INFO] 2016-03-21 12:05:20 [dbservice] [./../loginserver/dbservice.lua:61] Register account: fgd password: 123
[INFO] 2016-03-21 12:07:10 [watchdog] [./../loginserver/watchdog.lua:101] socket data  fd:4,msgno:10003
[INFO] 2016-03-21 12:07:10 [dbservice] [./../loginserver/dbservice.lua:61] Register account: fgd1 password: 123
[INFO] 2016-03-21 12:07:15 [watchdog] [./../loginserver/watchdog.lua:101] socket data  fd:4,msgno:10003
[INFO] 2016-03-21 12:07:15 [dbservice] [./../loginserver/dbservice.lua:61] Register account: fgd1 password: 123
[INFO] 2016-03-21 12:07:17 [watchdog] [./../loginserver/watchdog.lua:101] socket data  fd:4,msgno:10003
[INFO] 2016-03-21 12:07:17 [dbservice] [./../loginserver/dbservice.lua:61] Register account: fgd1 password: 123
[INFO] 2016-03-21 12:07:22 [watchdog] [./../loginserver/watchdog.lua:101] socket data  fd:4,msgno:10003
[INFO] 2016-03-21 12:07:22 [dbservice] [./../loginserver/dbservice.lua:61] Register account: fgd2 password: 123
[INFO] 2016-03-21 12:07:29 [watchdog] [./../loginserver/watchdog.lua:101] socket data  fd:4,msgno:10003
[INFO] 2016-03-21 12:07:29 [dbservice] [./../loginserver/dbservice.lua:61] Register account: fgd3 password: 123
[INFO] 2016-03-21 12:07:33 [watchdog] [./../loginserver/watchdog.lua:101] socket data  fd:4,msgno:10003
[INFO] 2016-03-21 12:07:33 [dbservice] [./../loginserver/dbservice.lua:61] Register account: fgd4 password: 123
[INFO] 2016-03-21 12:07:41 [watchdog] [./../loginserver/watchdog.lua:101] socket data  fd:4,msgno:10003
[INFO] 2016-03-21 12:07:41 [dbservice] [./../loginserver/dbservice.lua:61] Register account: fgd5 password: 123
[INFO] 2016-03-21 12:07:47 [watchdog] [./../loginserver/watchdog.lua:101] socket data  fd:4,msgno:10003
[INFO] 2016-03-21 12:07:47 [dbservice] [./../loginserver/dbservice.lua:61] Register account: fgd5 password: 123
[ERROR] 2016-03-21 12:08:17 [watchdog] [./../loginserver/watchdog.lua:93] socket error 4 Connection reset by peer
[INFO] 2016-03-21 12:14:46 [watchdog] [./../loginserver/watchdog.lua:67] new client from: 192.168.1.147:10218
[INFO] 2016-03-21 12:14:49 [watchdog] [./../loginserver/watchdog.lua:101] socket data  fd:5,msgno:10003
[INFO] 2016-03-21 12:14:49 [dbservice] [./../loginserver/dbservice.lua:61] Register account: fgd password: 123
[INFO] 2016-03-21 12:14:52 [watchdog] [./../loginserver/watchdog.lua:101] socket data  fd:5,msgno:10003
[INFO] 2016-03-21 12:14:52 [dbservice] [./../loginserver/dbservice.lua:61] Register account: fgd password: 123
[ERROR] 2016-03-21 12:36:20 [watchdog] [./../loginserver/watchdog.lua:93] socket error 5 Connection reset by peer
[INFO] 2016-03-21 13:16:04 [watchdog] [./../loginserver/watchdog.lua:67] new client from: 192.168.1.147:13039
[INFO] 2016-03-21 13:16:10 [watchdog] [./../loginserver/watchdog.lua:101] socket data  fd:6,msgno:10001
[INFO] 2016-03-21 13:16:10 [watchdog] [./../loginserver/watchdog.lua:36] loginAuth  account:fgd password:123
[INFO] 2016-03-21 13:16:10 [watchdog] [./../loginserver/watchdog.lua:154] auth failed
[INFO] 2016-03-21 13:16:21 [watchdog] [./../loginserver/watchdog.lua:101] socket data  fd:6,msgno:10001
[INFO] 2016-03-21 13:16:21 [watchdog] [./../loginserver/watchdog.lua:36] loginAuth  account:fgd password:123
[INFO] 2016-03-21 13:16:21 [watchdog] [./../loginserver/watchdog.lua:154] auth failed
[INFO] 2016-03-21 13:16:34 [watchdog] [./../loginserver/watchdog.lua:101] socket data  fd:6,msgno:10001
[INFO] 2016-03-21 13:16:34 [watchdog] [./../loginserver/watchdog.lua:36] loginAuth  account:a password:a
[INFO] 2016-03-21 13:16:34 [watchdog] [./../loginserver/watchdog.lua:154] auth failed
[INFO] 2016-03-21 13:16:35 [watchdog] [./../loginserver/watchdog.lua:101] socket data  fd:6,msgno:10003
[INFO] 2016-03-21 13:16:35 [dbservice] [./../loginserver/dbservice.lua:61] Register account: a password: a
[INFO] 2016-03-21 13:16:39 [watchdog] [./../loginserver/watchdog.lua:101] socket data  fd:6,msgno:10001
[INFO] 2016-03-21 13:16:39 [watchdog] [./../loginserver/watchdog.lua:36] loginAuth  account:a password:a
[INFO] 2016-03-21 13:16:39 [watchdog] [./../loginserver/watchdog.lua:149] auth success
[INFO] 2016-03-21 13:16:39 [agent] [./../loginserver/agent.lua:74] create agent
[INFO] 2016-03-21 13:16:39 [agent] [./../loginserver/agent.lua:53] agent start  fd:6
[INFO] 2016-03-21 13:20:59 [main] [./../loginserver/main.lua:13] ---------- server start -----------
[INFO] 2016-03-21 13:21:04 [watchdog] [./../loginserver/watchdog.lua:67] new client from: 192.168.1.147:13249
[INFO] 2016-03-21 13:21:10 [watchdog] [./../loginserver/watchdog.lua:101] socket data  fd:4,msgno:10001
[INFO] 2016-03-21 13:21:10 [watchdog] [./../loginserver/watchdog.lua:36] loginAuth  account:a password:a
[INFO] 2016-03-21 13:21:10 [watchdog] [./../loginserver/watchdog.lua:149] auth success
[INFO] 2016-03-21 13:21:10 [agent] [./../loginserver/agent.lua:74] create agent
[INFO] 2016-03-21 13:21:10 [agent] [./../loginserver/agent.lua:53] agent start  fd:4
[INFO] 2016-03-21 13:22:49 [main] [./../loginserver/main.lua:13] ---------- server start -----------
[INFO] 2016-03-21 13:22:55 [watchdog] [./../loginserver/watchdog.lua:67] new client from: 192.168.1.147:13317
[INFO] 2016-03-21 13:23:00 [watchdog] [./../loginserver/watchdog.lua:101] socket data  fd:4,msgno:10001
[INFO] 2016-03-21 13:23:00 [watchdog] [./../loginserver/watchdog.lua:36] loginAuth  account:a password:a
[INFO] 2016-03-21 13:23:00 [watchdog] [./../loginserver/watchdog.lua:149] auth success
[INFO] 2016-03-21 13:23:00 [agent] [./../loginserver/agent.lua:74] create agent
[INFO] 2016-03-21 13:23:00 [agent] [./../loginserver/agent.lua:53] agent start  fd:4
[ERROR] 2016-03-21 13:23:08 [watchdog] [./../loginserver/watchdog.lua:93] socket error 4 Connection reset by peer
[INFO] 2016-03-21 13:23:08 [agent] [./../loginserver/agent.lua:64] client disconnect  fd:4
[INFO] 2016-03-21 13:23:26 [watchdog] [./../loginserver/watchdog.lua:67] new client from: 192.168.1.147:13358
[INFO] 2016-03-21 13:23:34 [watchdog] [./../loginserver/watchdog.lua:67] new client from: 192.168.1.147:13364
[INFO] 2016-03-21 13:23:36 [watchdog] [./../loginserver/watchdog.lua:101] socket data  fd:6,msgno:10001
[INFO] 2016-03-21 13:23:36 [watchdog] [./../loginserver/watchdog.lua:36] loginAuth  account:a password:a
[INFO] 2016-03-21 13:23:36 [watchdog] [./../loginserver/watchdog.lua:149] auth success
[INFO] 2016-03-21 13:23:36 [agent] [./../loginserver/agent.lua:74] create agent
[INFO] 2016-03-21 13:23:36 [agent] [./../loginserver/agent.lua:53] agent start  fd:6
[INFO] 2016-03-21 13:23:48 [watchdog] [./../loginserver/watchdog.lua:101] socket data  fd:5,msgno:10001
[INFO] 2016-03-21 13:23:48 [watchdog] [./../loginserver/watchdog.lua:36] loginAuth  account:a password:a
[INFO] 2016-03-21 13:23:48 [watchdog] [./../loginserver/watchdog.lua:149] auth success
[INFO] 2016-03-21 13:23:48 [agent] [./../loginserver/agent.lua:64] client disconnect  fd:6
[INFO] 2016-03-21 13:23:48 [watchdog] [./../loginserver/watchdog.lua:87] socket close: 6
[INFO] 2016-03-21 13:23:48 [agent] [./../loginserver/agent.lua:74] create agent
[INFO] 2016-03-21 13:23:48 [agent] [./../loginserver/agent.lua:53] agent start  fd:5
[INFO] 2016-03-21 13:25:23 [watchdog] [./../loginserver/watchdog.lua:67] new client from: 192.168.1.147:13432
[INFO] 2016-03-21 13:25:27 [watchdog] [./../loginserver/watchdog.lua:101] socket data  fd:7,msgno:10001
[INFO] 2016-03-21 13:25:27 [watchdog] [./../loginserver/watchdog.lua:36] loginAuth  account:a password:a
[INFO] 2016-03-21 13:25:27 [watchdog] [./../loginserver/watchdog.lua:149] auth success
[INFO] 2016-03-21 13:25:27 [agent] [./../loginserver/agent.lua:64] client disconnect  fd:5
[INFO] 2016-03-21 13:25:27 [watchdog] [./../loginserver/watchdog.lua:87] socket close: 5
[INFO] 2016-03-21 13:25:27 [agent] [./../loginserver/agent.lua:74] create agent
[INFO] 2016-03-21 13:25:27 [agent] [./../loginserver/agent.lua:53] agent start  fd:7
[INFO] 2016-03-21 13:25:47 [watchdog] [./../loginserver/watchdog.lua:67] new client from: 192.168.1.147:13447
[INFO] 2016-03-21 13:25:51 [watchdog] [./../loginserver/watchdog.lua:101] socket data  fd:8,msgno:10001
[INFO] 2016-03-21 13:25:51 [watchdog] [./../loginserver/watchdog.lua:36] loginAuth  account:b password:a
[INFO] 2016-03-21 13:25:51 [watchdog] [./../loginserver/watchdog.lua:149] auth success
[INFO] 2016-03-21 13:25:51 [agent] [./../loginserver/agent.lua:74] create agent
[INFO] 2016-03-21 13:25:51 [agent] [./../loginserver/agent.lua:53] agent start  fd:8
[ERROR] 2016-03-21 13:26:24 [watchdog] [./../loginserver/watchdog.lua:93] socket error 8 Connection reset by peer
[INFO] 2016-03-21 13:26:24 [agent] [./../loginserver/agent.lua:64] client disconnect  fd:8
[INFO] 2016-03-21 13:26:37 [watchdog] [./../loginserver/watchdog.lua:67] new client from: 192.168.1.147:13481
[INFO] 2016-03-21 13:26:42 [watchdog] [./../loginserver/watchdog.lua:101] socket data  fd:9,msgno:10001
[INFO] 2016-03-21 13:26:42 [watchdog] [./../loginserver/watchdog.lua:36] loginAuth  account:c password:a
[INFO] 2016-03-21 13:26:42 [watchdog] [./../loginserver/watchdog.lua:154] auth failed
[INFO] 2016-03-21 13:26:51 [watchdog] [./../loginserver/watchdog.lua:101] socket data  fd:9,msgno:10001
[INFO] 2016-03-21 13:26:51 [watchdog] [./../loginserver/watchdog.lua:36] loginAuth  account:c password:a
[INFO] 2016-03-21 13:26:51 [watchdog] [./../loginserver/watchdog.lua:154] auth failed
[INFO] 2016-03-21 13:26:52 [watchdog] [./../loginserver/watchdog.lua:101] socket data  fd:9,msgno:10001
[INFO] 2016-03-21 13:26:52 [watchdog] [./../loginserver/watchdog.lua:36] loginAuth  account:c password:a
[INFO] 2016-03-21 13:26:52 [watchdog] [./../loginserver/watchdog.lua:154] auth failed
[INFO] 2016-03-21 13:26:53 [watchdog] [./../loginserver/watchdog.lua:101] socket data  fd:9,msgno:10001
[INFO] 2016-03-21 13:26:53 [watchdog] [./../loginserver/watchdog.lua:36] loginAuth  account:c password:a
[INFO] 2016-03-21 13:26:53 [watchdog] [./../loginserver/watchdog.lua:154] auth failed
[INFO] 2016-03-21 13:26:53 [watchdog] [./../loginserver/watchdog.lua:101] socket data  fd:9,msgno:10001
[INFO] 2016-03-21 13:26:53 [watchdog] [./../loginserver/watchdog.lua:36] loginAuth  account:c password:a
[INFO] 2016-03-21 13:26:53 [watchdog] [./../loginserver/watchdog.lua:154] auth failed
[INFO] 2016-03-21 13:26:53 [watchdog] [./../loginserver/watchdog.lua:101] socket data  fd:9,msgno:10001
[INFO] 2016-03-21 13:26:53 [watchdog] [./../loginserver/watchdog.lua:36] loginAuth  account:c password:a
[INFO] 2016-03-21 13:26:53 [watchdog] [./../loginserver/watchdog.lua:154] auth failed
[INFO] 2016-03-21 13:26:54 [watchdog] [./../loginserver/watchdog.lua:101] socket data  fd:9,msgno:10001
[INFO] 2016-03-21 13:26:54 [watchdog] [./../loginserver/watchdog.lua:36] loginAuth  account:c password:a
[INFO] 2016-03-21 13:26:54 [watchdog] [./../loginserver/watchdog.lua:154] auth failed
[INFO] 2016-03-21 13:26:54 [watchdog] [./../loginserver/watchdog.lua:101] socket data  fd:9,msgno:10001
[INFO] 2016-03-21 13:26:54 [watchdog] [./../loginserver/watchdog.lua:36] loginAuth  account:c password:a
[INFO] 2016-03-21 13:26:54 [watchdog] [./../loginserver/watchdog.lua:154] auth failed
[INFO] 2016-03-21 13:26:55 [watchdog] [./../loginserver/watchdog.lua:101] socket data  fd:9,msgno:10001
[INFO] 2016-03-21 13:26:55 [watchdog] [./../loginserver/watchdog.lua:36] loginAuth  account:c password:a
[INFO] 2016-03-21 13:26:55 [watchdog] [./../loginserver/watchdog.lua:154] auth failed
[INFO] 2016-03-21 13:26:55 [watchdog] [./../loginserver/watchdog.lua:101] socket data  fd:9,msgno:10001
[INFO] 2016-03-21 13:26:55 [watchdog] [./../loginserver/watchdog.lua:36] loginAuth  account:c password:a
[INFO] 2016-03-21 13:26:55 [watchdog] [./../loginserver/watchdog.lua:154] auth failed
[INFO] 2016-03-21 13:26:56 [watchdog] [./../loginserver/watchdog.lua:101] socket data  fd:9,msgno:10001
[INFO] 2016-03-21 13:26:56 [watchdog] [./../loginserver/watchdog.lua:36] loginAuth  account:c password:a
[INFO] 2016-03-21 13:26:56 [watchdog] [./../loginserver/watchdog.lua:154] auth failed
[INFO] 2016-03-21 13:26:56 [watchdog] [./../loginserver/watchdog.lua:101] socket data  fd:9,msgno:10001
[INFO] 2016-03-21 13:26:56 [watchdog] [./../loginserver/watchdog.lua:36] loginAuth  account:c password:a
[INFO] 2016-03-21 13:26:56 [watchdog] [./../loginserver/watchdog.lua:154] auth failed
[INFO] 2016-03-21 13:26:57 [watchdog] [./../loginserver/watchdog.lua:101] socket data  fd:9,msgno:10001
[INFO] 2016-03-21 13:26:57 [watchdog] [./../loginserver/watchdog.lua:36] loginAuth  account:c password:a
[INFO] 2016-03-21 13:26:57 [watchdog] [./../loginserver/watchdog.lua:154] auth failed
[INFO] 2016-03-21 13:26:57 [watchdog] [./../loginserver/watchdog.lua:101] socket data  fd:9,msgno:10001
[INFO] 2016-03-21 13:26:57 [watchdog] [./../loginserver/watchdog.lua:36] loginAuth  account:c password:a
[INFO] 2016-03-21 13:26:57 [watchdog] [./../loginserver/watchdog.lua:154] auth failed
[INFO] 2016-03-21 13:26:57 [watchdog] [./../loginserver/watchdog.lua:101] socket data  fd:9,msgno:10001
[INFO] 2016-03-21 13:26:57 [watchdog] [./../loginserver/watchdog.lua:36] loginAuth  account:c password:a
[INFO] 2016-03-21 13:26:57 [watchdog] [./../loginserver/watchdog.lua:154] auth failed
[INFO] 2016-03-21 13:26:58 [watchdog] [./../loginserver/watchdog.lua:101] socket data  fd:9,msgno:10001
[INFO] 2016-03-21 13:26:58 [watchdog] [./../loginserver/watchdog.lua:36] loginAuth  account:c password:a
[INFO] 2016-03-21 13:26:58 [watchdog] [./../loginserver/watchdog.lua:154] auth failed
[INFO] 2016-03-21 13:26:59 [watchdog] [./../loginserver/watchdog.lua:101] socket data  fd:9,msgno:10001
[INFO] 2016-03-21 13:26:59 [watchdog] [./../loginserver/watchdog.lua:36] loginAuth  account:c password:a
[INFO] 2016-03-21 13:26:59 [watchdog] [./../loginserver/watchdog.lua:154] auth failed
[INFO] 2016-03-21 13:26:59 [watchdog] [./../loginserver/watchdog.lua:101] socket data  fd:9,msgno:10001
[INFO] 2016-03-21 13:26:59 [watchdog] [./../loginserver/watchdog.lua:36] loginAuth  account:c password:a
[INFO] 2016-03-21 13:26:59 [watchdog] [./../loginserver/watchdog.lua:154] auth failed
[INFO] 2016-03-21 13:26:59 [watchdog] [./../loginserver/watchdog.lua:101] socket data  fd:9,msgno:10001
[INFO] 2016-03-21 13:26:59 [watchdog] [./../loginserver/watchdog.lua:36] loginAuth  account:c password:a
[INFO] 2016-03-21 13:26:59 [watchdog] [./../loginserver/watchdog.lua:154] auth failed
[INFO] 2016-03-21 13:27:00 [watchdog] [./../loginserver/watchdog.lua:101] socket data  fd:9,msgno:10001
[INFO] 2016-03-21 13:27:00 [watchdog] [./../loginserver/watchdog.lua:36] loginAuth  account:c password:a
[INFO] 2016-03-21 13:27:00 [watchdog] [./../loginserver/watchdog.lua:154] auth failed
[INFO] 2016-03-21 13:27:00 [watchdog] [./../loginserver/watchdog.lua:101] socket data  fd:9,msgno:10001
[INFO] 2016-03-21 13:27:00 [watchdog] [./../loginserver/watchdog.lua:36] loginAuth  account:c password:a
[INFO] 2016-03-21 13:27:00 [watchdog] [./../loginserver/watchdog.lua:154] auth failed
[INFO] 2016-03-21 13:27:01 [watchdog] [./../loginserver/watchdog.lua:101] socket data  fd:9,msgno:10001
[INFO] 2016-03-21 13:27:01 [watchdog] [./../loginserver/watchdog.lua:36] loginAuth  account:c password:a
[INFO] 2016-03-21 13:27:01 [watchdog] [./../loginserver/watchdog.lua:154] auth failed
[INFO] 2016-03-21 13:27:01 [watchdog] [./../loginserver/watchdog.lua:101] socket data  fd:9,msgno:10001
[INFO] 2016-03-21 13:27:01 [watchdog] [./../loginserver/watchdog.lua:36] loginAuth  account:c password:a
[INFO] 2016-03-21 13:27:01 [watchdog] [./../loginserver/watchdog.lua:154] auth failed
[INFO] 2016-03-21 13:27:02 [watchdog] [./../loginserver/watchdog.lua:101] socket data  fd:9,msgno:10001
[INFO] 2016-03-21 13:27:02 [watchdog] [./../loginserver/watchdog.lua:36] loginAuth  account:c password:a
[INFO] 2016-03-21 13:27:02 [watchdog] [./../loginserver/watchdog.lua:154] auth failed
[INFO] 2016-03-21 13:27:02 [watchdog] [./../loginserver/watchdog.lua:101] socket data  fd:9,msgno:10001
[INFO] 2016-03-21 13:27:02 [watchdog] [./../loginserver/watchdog.lua:36] loginAuth  account:c password:a
[INFO] 2016-03-21 13:27:02 [watchdog] [./../loginserver/watchdog.lua:154] auth failed
[INFO] 2016-03-21 13:27:03 [watchdog] [./../loginserver/watchdog.lua:101] socket data  fd:9,msgno:10001
[INFO] 2016-03-21 13:27:03 [watchdog] [./../loginserver/watchdog.lua:36] loginAuth  account:c password:a
[INFO] 2016-03-21 13:27:03 [watchdog] [./../loginserver/watchdog.lua:154] auth failed
[INFO] 2016-03-21 13:27:03 [watchdog] [./../loginserver/watchdog.lua:101] socket data  fd:9,msgno:10001
[INFO] 2016-03-21 13:27:03 [watchdog] [./../loginserver/watchdog.lua:36] loginAuth  account:c password:a
[INFO] 2016-03-21 13:27:03 [watchdog] [./../loginserver/watchdog.lua:154] auth failed
[INFO] 2016-03-21 13:27:04 [watchdog] [./../loginserver/watchdog.lua:101] socket data  fd:9,msgno:10001
[INFO] 2016-03-21 13:27:04 [watchdog] [./../loginserver/watchdog.lua:36] loginAuth  account:c password:a
[INFO] 2016-03-21 13:27:04 [watchdog] [./../loginserver/watchdog.lua:154] auth failed
[INFO] 2016-03-21 13:27:06 [watchdog] [./../loginserver/watchdog.lua:101] socket data  fd:9,msgno:10001
[INFO] 2016-03-21 13:27:06 [watchdog] [./../loginserver/watchdog.lua:36] loginAuth  account:c password:a
[INFO] 2016-03-21 13:27:06 [watchdog] [./../loginserver/watchdog.lua:154] auth failed
[INFO] 2016-03-21 13:27:07 [watchdog] [./../loginserver/watchdog.lua:101] socket data  fd:9,msgno:10001
[INFO] 2016-03-21 13:27:07 [watchdog] [./../loginserver/watchdog.lua:36] loginAuth  account:c password:a
[INFO] 2016-03-21 13:27:07 [watchdog] [./../loginserver/watchdog.lua:154] auth failed
[INFO] 2016-03-21 13:27:08 [watchdog] [./../loginserver/watchdog.lua:101] socket data  fd:9,msgno:10001
[INFO] 2016-03-21 13:27:08 [watchdog] [./../loginserver/watchdog.lua:36] loginAuth  account:c password:a
[INFO] 2016-03-21 13:27:08 [watchdog] [./../loginserver/watchdog.lua:154] auth failed
[INFO] 2016-03-21 13:27:13 [watchdog] [./../loginserver/watchdog.lua:101] socket data  fd:9,msgno:10003
[INFO] 2016-03-21 13:27:13 [dbservice] [./../loginserver/dbservice.lua:61] Register account: c password: a
[INFO] 2016-03-21 13:27:30 [watchdog] [./../loginserver/watchdog.lua:101] socket data  fd:9,msgno:10001
[INFO] 2016-03-21 13:27:30 [watchdog] [./../loginserver/watchdog.lua:36] loginAuth  account:c password:a
[INFO] 2016-03-21 13:27:30 [watchdog] [./../loginserver/watchdog.lua:149] auth success
[INFO] 2016-03-21 13:27:30 [agent] [./../loginserver/agent.lua:74] create agent
[INFO] 2016-03-21 13:27:30 [agent] [./../loginserver/agent.lua:53] agent start  fd:9
[ERROR] 2016-03-21 13:27:57 [watchdog] [./../loginserver/watchdog.lua:93] socket error 9 Connection reset by peer
[INFO] 2016-03-21 13:27:57 [agent] [./../loginserver/agent.lua:64] client disconnect  fd:9
[INFO] 2016-03-21 13:28:11 [watchdog] [./../loginserver/watchdog.lua:67] new client from: 192.168.1.147:13549
[INFO] 2016-03-21 13:28:20 [watchdog] [./../loginserver/watchdog.lua:101] socket data  fd:10,msgno:10001
[INFO] 2016-03-21 13:28:20 [watchdog] [./../loginserver/watchdog.lua:36] loginAuth  account:a password:a
[INFO] 2016-03-21 13:28:20 [watchdog] [./../loginserver/watchdog.lua:149] auth success
[INFO] 2016-03-21 13:28:20 [agent] [./../loginserver/agent.lua:64] client disconnect  fd:7
[INFO] 2016-03-21 13:28:20 [watchdog] [./../loginserver/watchdog.lua:87] socket close: 7
[INFO] 2016-03-21 13:28:20 [agent] [./../loginserver/agent.lua:74] create agent
[INFO] 2016-03-21 13:28:20 [agent] [./../loginserver/agent.lua:53] agent start  fd:10
[INFO] 2016-03-21 13:54:26 [watchdog] [./../loginserver/watchdog.lua:67] new client from: 192.168.1.147:14653
[INFO] 2016-03-21 13:54:30 [watchdog] [./../loginserver/watchdog.lua:101] socket data  fd:11,msgno:10003
[INFO] 2016-03-21 13:54:30 [dbservice] [./../loginserver/dbservice.lua:61] Register account: a password: a
[ERROR] 2016-03-21 13:56:57 [watchdog] [./../loginserver/watchdog.lua:93] socket error 11 Connection reset by peer
[INFO] 2016-03-21 13:56:59 [watchdog] [./../loginserver/watchdog.lua:67] new client from: 192.168.1.147:14762
[INFO] 2016-03-21 13:57:01 [watchdog] [./../loginserver/watchdog.lua:101] socket data  fd:12,msgno:10001
[INFO] 2016-03-21 13:57:01 [watchdog] [./../loginserver/watchdog.lua:36] loginAuth  account:d password:a
[INFO] 2016-03-21 13:57:01 [watchdog] [./../loginserver/watchdog.lua:154] auth failed
[INFO] 2016-03-21 13:57:02 [watchdog] [./../loginserver/watchdog.lua:101] socket data  fd:12,msgno:10001
[INFO] 2016-03-21 13:57:02 [watchdog] [./../loginserver/watchdog.lua:36] loginAuth  account:d password:a
[INFO] 2016-03-21 13:57:02 [watchdog] [./../loginserver/watchdog.lua:154] auth failed
[INFO] 2016-03-21 13:57:05 [watchdog] [./../loginserver/watchdog.lua:101] socket data  fd:12,msgno:10003
[INFO] 2016-03-21 13:57:05 [dbservice] [./../loginserver/dbservice.lua:61] Register account: d password: a
[INFO] 2016-03-21 13:57:12 [watchdog] [./../loginserver/watchdog.lua:101] socket data  fd:12,msgno:10001
[INFO] 2016-03-21 13:57:12 [watchdog] [./../loginserver/watchdog.lua:36] loginAuth  account:d password:a
[INFO] 2016-03-21 13:57:12 [watchdog] [./../loginserver/watchdog.lua:149] auth success
[INFO] 2016-03-21 13:57:12 [agent] [./../loginserver/agent.lua:74] create agent
[INFO] 2016-03-21 13:57:12 [agent] [./../loginserver/agent.lua:53] agent start  fd:12
[ERROR] 2016-03-21 13:59:36 [watchdog] [./../loginserver/watchdog.lua:93] socket error 12 Connection reset by peer
[INFO] 2016-03-21 13:59:36 [agent] [./../loginserver/agent.lua:64] client disconnect  fd:12
[INFO] 2016-03-21 13:59:44 [watchdog] [./../loginserver/watchdog.lua:67] new client from: 192.168.1.147:14875
[INFO] 2016-03-21 13:59:46 [watchdog] [./../loginserver/watchdog.lua:101] socket data  fd:13,msgno:10001
[INFO] 2016-03-21 13:59:46 [watchdog] [./../loginserver/watchdog.lua:36] loginAuth  account:a password:a
[INFO] 2016-03-21 13:59:46 [watchdog] [./../loginserver/watchdog.lua:149] auth success
[INFO] 2016-03-21 13:59:46 [agent] [./../loginserver/agent.lua:64] client disconnect  fd:10
[INFO] 2016-03-21 13:59:46 [agent] [./../loginserver/agent.lua:74] create agent
[INFO] 2016-03-21 13:59:46 [agent] [./../loginserver/agent.lua:53] agent start  fd:13
[INFO] 2016-03-21 13:59:46 [watchdog] [./../loginserver/watchdog.lua:87] socket close: 10
[ERROR] 2016-03-21 14:00:23 [watchdog] [./../loginserver/watchdog.lua:93] socket error 13 Connection reset by peer
[INFO] 2016-03-21 14:00:23 [agent] [./../loginserver/agent.lua:64] client disconnect  fd:13
[INFO] 2016-03-21 14:00:25 [watchdog] [./../loginserver/watchdog.lua:67] new client from: 192.168.1.147:14904
[INFO] 2016-03-21 14:00:29 [watchdog] [./../loginserver/watchdog.lua:101] socket data  fd:14,msgno:10001
[INFO] 2016-03-21 14:00:29 [watchdog] [./../loginserver/watchdog.lua:36] loginAuth  account:d password:a
[INFO] 2016-03-21 14:00:29 [watchdog] [./../loginserver/watchdog.lua:149] auth success
[INFO] 2016-03-21 14:00:29 [agent] [./../loginserver/agent.lua:74] create agent
[INFO] 2016-03-21 14:00:29 [agent] [./../loginserver/agent.lua:53] agent start  fd:14
[ERROR] 2016-03-21 14:01:05 [watchdog] [./../loginserver/watchdog.lua:93] socket error 14 Connection reset by peer
[INFO] 2016-03-21 14:01:05 [agent] [./../loginserver/agent.lua:64] client disconnect  fd:14
[INFO] 2016-03-21 14:01:07 [watchdog] [./../loginserver/watchdog.lua:67] new client from: 192.168.1.147:14932
[INFO] 2016-03-21 14:01:48 [watchdog] [./../loginserver/watchdog.lua:101] socket data  fd:15,msgno:10001
[INFO] 2016-03-21 14:01:48 [watchdog] [./../loginserver/watchdog.lua:36] loginAuth  account:d password:a
[INFO] 2016-03-21 14:01:48 [watchdog] [./../loginserver/watchdog.lua:149] auth success
[INFO] 2016-03-21 14:01:48 [agent] [./../loginserver/agent.lua:74] create agent
[INFO] 2016-03-21 14:01:48 [agent] [./../loginserver/agent.lua:53] agent start  fd:15
[INFO] 2016-03-21 14:04:22 [main] [./../loginserver/main.lua:13] ---------- server start -----------
[INFO] 2016-03-21 14:04:28 [watchdog] [./../loginserver/watchdog.lua:67] new client from: 192.168.1.147:15061
[INFO] 2016-03-21 14:04:33 [watchdog] [./../loginserver/watchdog.lua:101] socket data  fd:4,msgno:10001
[INFO] 2016-03-21 14:04:33 [watchdog] [./../loginserver/watchdog.lua:36] loginAuth  account:a password:a
[INFO] 2016-03-21 14:04:33 [watchdog] [./../loginserver/watchdog.lua:149] auth success
[INFO] 2016-03-21 14:04:33 [agent] [./../loginserver/agent.lua:74] create agent
[INFO] 2016-03-21 14:04:33 [agent] [./../loginserver/agent.lua:53] agent start  fd:4
[ERROR] 2016-03-21 14:31:40 [watchdog] [./../loginserver/watchdog.lua:93] socket error 4 Connection reset by peer
[INFO] 2016-03-21 14:31:40 [agent] [./../loginserver/agent.lua:64] client disconnect  fd:4
[INFO] 2016-03-21 14:31:42 [watchdog] [./../loginserver/watchdog.lua:67] new client from: 192.168.1.147:16880
[INFO] 2016-03-21 14:31:46 [watchdog] [./../loginserver/watchdog.lua:101] socket data  fd:5,msgno:10001
[INFO] 2016-03-21 14:31:46 [watchdog] [./../loginserver/watchdog.lua:36] loginAuth  account:a password:a
[INFO] 2016-03-21 14:31:46 [watchdog] [./../loginserver/watchdog.lua:149] auth success
[INFO] 2016-03-21 14:31:46 [agent] [./../loginserver/agent.lua:74] create agent
[INFO] 2016-03-21 14:31:46 [agent] [./../loginserver/agent.lua:53] agent start  fd:5
[INFO] 2016-03-21 14:45:19 [main] [./../loginserver/main.lua:13] ---------- server start -----------
[INFO] 2016-03-21 14:45:26 [watchdog] [./../loginserver/watchdog.lua:67] new client from: 192.168.1.147:17658
[INFO] 2016-03-21 14:45:31 [watchdog] [./../loginserver/watchdog.lua:101] socket data  fd:4,msgno:10003
[INFO] 2016-03-21 14:45:31 [dbservice] [./../loginserver/dbservice.lua:19] Register account: a password: a
[INFO] 2016-03-21 14:45:34 [watchdog] [./../loginserver/watchdog.lua:101] socket data  fd:4,msgno:10001
[INFO] 2016-03-21 14:45:34 [watchdog] [./../loginserver/watchdog.lua:36] loginAuth  account:a password:a
[INFO] 2016-03-21 14:45:34 [watchdog] [./../loginserver/watchdog.lua:149] auth success
[INFO] 2016-03-21 14:45:34 [agent] [./../loginserver/agent.lua:74] create agent
[INFO] 2016-03-21 14:45:34 [agent] [./../loginserver/agent.lua:53] agent start  fd:4
